[2025-06-03T06:28:35.691975+00:00] main.INFO: {"feed":"salesOrders","operation":"full reindex(legacy)","status":"Initialize","elapsed":"00:00:00 284 ms","pid":"1030","caller":"bin\/magento setup:install --backend-frontname=backend --amqp-host=rabbitmq --amqp-port=5672 --amqp-user=guest"} [] []
[2025-06-03T06:28:35.755659+00:00] main.INFO: {"feed":"salesOrders","operation":"full reindex(legacy)","status":"Creating batch table `sales_data_exporter_orders_index_batches`. Start position: 0","elapsed":"00:00:00 348 ms","pid":"1030","caller":"bin\/magento setup:install --backend-frontname=backend --amqp-host=rabbitmq --amqp-port=5672 --amqp-user=guest"} [] []
[2025-06-03T06:28:35.795494+00:00] main.INFO: {"feed":"salesOrders","operation":"full reindex(legacy)","status":"Batch table `sales_data_exporter_orders_index_batches` created. Total Items: 0, batches: ~0","elapsed":"00:00:00 388 ms","pid":"1030","caller":"bin\/magento setup:install --backend-frontname=backend --amqp-host=rabbitmq --amqp-port=5672 --amqp-user=guest"} [] []
[2025-06-03T06:28:35.795720+00:00] main.INFO: {"feed":"salesOrders","operation":"full reindex(legacy)","status":"nothing to process - no items to sync. Not expected? Are there any items in source table `sales_order`?","elapsed":"00:00:00 388 ms","pid":"1030","caller":"bin\/magento setup:install --backend-frontname=backend --amqp-host=rabbitmq --amqp-port=5672 --amqp-user=guest"} [] []
[2025-06-03T06:28:35.800965+00:00] main.INFO: {"feed":"salesOrders","operation":"full reindex(legacy)","status":"Complete","elapsed":"00:00:00 393 ms","pid":"1030","caller":"bin\/magento setup:install --backend-frontname=backend --amqp-host=rabbitmq --amqp-port=5672 --amqp-user=guest"} [] []
[2025-06-03T06:28:35.831850+00:00] main.INFO: {"feed":"salesOrderStatuses","operation":"full reindex(legacy)","status":"Initialize","elapsed":"00:00:00 564 ms","pid":"1030","caller":"bin\/magento setup:install --backend-frontname=backend --amqp-host=rabbitmq --amqp-port=5672 --amqp-user=guest"} [] []
[2025-06-03T06:28:35.881628+00:00] main.INFO: {"feed":"salesOrderStatuses","operation":"full reindex(legacy)","status":"Creating batch table `sales_data_exporter_order_statuses_index_batches`. Start position: ","elapsed":"00:00:00 614 ms","pid":"1030","caller":"bin\/magento setup:install --backend-frontname=backend --amqp-host=rabbitmq --amqp-port=5672 --amqp-user=guest"} [] []
[2025-06-03T06:28:35.943758+00:00] main.INFO: {"feed":"salesOrderStatuses","operation":"full reindex(legacy)","status":"Batch table `sales_data_exporter_order_statuses_index_batches` created. Total Items: 12, batches: ~0","elapsed":"00:00:00 676 ms","pid":"1030","caller":"bin\/magento setup:install --backend-frontname=backend --amqp-host=rabbitmq --amqp-port=5672 --amqp-user=guest"} [] []
[2025-06-03T06:28:35.944105+00:00] main.INFO: {"feed":"salesOrderStatuses","operation":"full reindex(legacy)","status":"start processing `12` items in `1` threads with `100` batch size","elapsed":"00:00:00 676 ms","pid":"1030","caller":"bin\/magento setup:install --backend-frontname=backend --amqp-host=rabbitmq --amqp-port=5672 --amqp-user=guest"} [] []
[2025-06-03T06:28:35.974681+00:00] main.INFO: {"feed":"salesOrderStatuses","operation":"full reindex(legacy)","status":"Progress 1\/1, processed 12, synced 12","elapsed":"00:00:00 707 ms","pid":"1030","caller":"bin\/magento setup:install --backend-frontname=backend --amqp-host=rabbitmq --amqp-port=5672 --amqp-user=guest"} [] []
[2025-06-03T06:28:35.978192+00:00] main.INFO: {"feed":"salesOrderStatuses","operation":"full reindex(legacy)","status":"Complete","elapsed":"00:00:00 710 ms","pid":"1030","caller":"bin\/magento setup:install --backend-frontname=backend --amqp-host=rabbitmq --amqp-port=5672 --amqp-user=guest"} [] []
[2025-06-03T06:28:36.003557+00:00] main.INFO: {"feed":"stores","operation":"full reindex(legacy)","status":"Initialize","elapsed":"00:00:00 908 ms","pid":"1030","caller":"bin\/magento setup:install --backend-frontname=backend --amqp-host=rabbitmq --amqp-port=5672 --amqp-user=guest"} [] []
[2025-06-03T06:28:36.055532+00:00] main.INFO: {"feed":"stores","operation":"full reindex(legacy)","status":"Creating batch table `stores_data_exporter_index_batches`. Start position: 0","elapsed":"00:00:01 960 ms","pid":"1030","caller":"bin\/magento setup:install --backend-frontname=backend --amqp-host=rabbitmq --amqp-port=5672 --amqp-user=guest"} [] []
[2025-06-03T06:28:36.101803+00:00] main.INFO: {"feed":"stores","operation":"full reindex(legacy)","status":"Batch table `stores_data_exporter_index_batches` created. Total Items: 1, batches: ~0","elapsed":"00:00:01 6 ms","pid":"1030","caller":"bin\/magento setup:install --backend-frontname=backend --amqp-host=rabbitmq --amqp-port=5672 --amqp-user=guest"} [] []
[2025-06-03T06:28:36.102077+00:00] main.INFO: {"feed":"stores","operation":"full reindex(legacy)","status":"start processing `1` items in `1` threads with `100` batch size","elapsed":"00:00:01 6 ms","pid":"1030","caller":"bin\/magento setup:install --backend-frontname=backend --amqp-host=rabbitmq --amqp-port=5672 --amqp-user=guest"} [] []
[2025-06-03T06:28:36.114031+00:00] main.INFO: {"feed":"stores","operation":"full reindex(legacy)","status":"Progress 1\/1, processed 1, synced 1","elapsed":"00:00:01 18 ms","pid":"1030","caller":"bin\/magento setup:install --backend-frontname=backend --amqp-host=rabbitmq --amqp-port=5672 --amqp-user=guest"} [] []
[2025-06-03T06:28:36.118542+00:00] main.INFO: {"feed":"stores","operation":"full reindex(legacy)","status":"Complete","elapsed":"00:00:01 23 ms","pid":"1030","caller":"bin\/magento setup:install --backend-frontname=backend --amqp-host=rabbitmq --amqp-port=5672 --amqp-user=guest"} [] []
[2025-06-03T06:29:29.363818+00:00] main.INFO: {"feed":"salesOrders","operation":"full reindex(legacy)","status":"Initialize","elapsed":"628 ms","pid":"1083","caller":"bin\/magento indexer:reindex"} [] []
[2025-06-03T06:29:29.448650+00:00] main.INFO: {"feed":"salesOrders","operation":"full reindex(legacy)","status":"Creating batch table `sales_data_exporter_orders_index_batches`. Start position: 0","elapsed":"713 ms","pid":"1083","caller":"bin\/magento indexer:reindex"} [] []
[2025-06-03T06:29:29.501574+00:00] main.INFO: {"feed":"salesOrders","operation":"full reindex(legacy)","status":"Batch table `sales_data_exporter_orders_index_batches` created. Total Items: 0, batches: ~0","elapsed":"766 ms","pid":"1083","caller":"bin\/magento indexer:reindex"} [] []
[2025-06-03T06:29:29.502481+00:00] main.INFO: {"feed":"salesOrders","operation":"full reindex(legacy)","status":"nothing to process - no items to sync. Not expected? Are there any items in source table `sales_order`?","elapsed":"767 ms","pid":"1083","caller":"bin\/magento indexer:reindex"} [] []
[2025-06-03T06:29:29.510854+00:00] main.INFO: {"feed":"salesOrders","operation":"full reindex(legacy)","status":"Complete","elapsed":"775 ms","pid":"1083","caller":"bin\/magento indexer:reindex"} [] []
[2025-06-03T06:29:29.539878+00:00] main.INFO: {"feed":"salesOrderStatuses","operation":"full reindex(legacy)","status":"Initialize","elapsed":"980 ms","pid":"1083","caller":"bin\/magento indexer:reindex"} [] []
[2025-06-03T06:29:29.604226+00:00] main.INFO: {"feed":"salesOrderStatuses","operation":"full reindex(legacy)","status":"Creating batch table `sales_data_exporter_order_statuses_index_batches`. Start position: ","elapsed":"00:00:00 45 ms","pid":"1083","caller":"bin\/magento indexer:reindex"} [] []
[2025-06-03T06:29:29.706624+00:00] main.INFO: {"feed":"salesOrderStatuses","operation":"full reindex(legacy)","status":"Batch table `sales_data_exporter_order_statuses_index_batches` created. Total Items: 12, batches: ~0","elapsed":"00:00:00 147 ms","pid":"1083","caller":"bin\/magento indexer:reindex"} [] []
[2025-06-03T06:29:29.707162+00:00] main.INFO: {"feed":"salesOrderStatuses","operation":"full reindex(legacy)","status":"start processing `12` items in `1` threads with `100` batch size","elapsed":"00:00:00 147 ms","pid":"1083","caller":"bin\/magento indexer:reindex"} [] []
[2025-06-03T06:29:29.730351+00:00] main.INFO: {"feed":"salesOrderStatuses","operation":"full reindex(legacy)","status":"Progress 1\/1, processed 12, synced 12","elapsed":"00:00:00 171 ms","pid":"1083","caller":"bin\/magento indexer:reindex"} [] []
[2025-06-03T06:29:29.737430+00:00] main.INFO: {"feed":"salesOrderStatuses","operation":"full reindex(legacy)","status":"Complete","elapsed":"00:00:00 178 ms","pid":"1083","caller":"bin\/magento indexer:reindex"} [] []
[2025-06-03T06:29:29.763846+00:00] main.INFO: {"feed":"stores","operation":"full reindex(legacy)","status":"Initialize","elapsed":"00:00:00 428 ms","pid":"1083","caller":"bin\/magento indexer:reindex"} [] []
[2025-06-03T06:29:29.828457+00:00] main.INFO: {"feed":"stores","operation":"full reindex(legacy)","status":"Creating batch table `stores_data_exporter_index_batches`. Start position: 0","elapsed":"00:00:00 493 ms","pid":"1083","caller":"bin\/magento indexer:reindex"} [] []
[2025-06-03T06:29:29.881540+00:00] main.INFO: {"feed":"stores","operation":"full reindex(legacy)","status":"Batch table `stores_data_exporter_index_batches` created. Total Items: 1, batches: ~0","elapsed":"00:00:00 546 ms","pid":"1083","caller":"bin\/magento indexer:reindex"} [] []
[2025-06-03T06:29:29.882025+00:00] main.INFO: {"feed":"stores","operation":"full reindex(legacy)","status":"start processing `1` items in `1` threads with `100` batch size","elapsed":"00:00:00 546 ms","pid":"1083","caller":"bin\/magento indexer:reindex"} [] []
[2025-06-03T06:29:29.895198+00:00] main.INFO: {"feed":"stores","operation":"full reindex(legacy)","status":"Progress 1\/1, processed 1, synced 1","elapsed":"00:00:00 559 ms","pid":"1083","caller":"bin\/magento indexer:reindex"} [] []
[2025-06-03T06:29:29.898952+00:00] main.INFO: {"feed":"stores","operation":"full reindex(legacy)","status":"Complete","elapsed":"00:00:00 563 ms","pid":"1083","caller":"bin\/magento indexer:reindex"} [] []
[2025-06-03T06:34:34.777131+00:00] main.INFO: {"feed":"salesOrders","operation":"full reindex(legacy)","status":"Initialize","elapsed":"00:00:00 455 ms","pid":"1128","caller":"bin\/magento setup:upgrade"} [] []
[2025-06-03T06:34:34.820642+00:00] main.INFO: {"feed":"salesOrders","operation":"full reindex(legacy)","status":"Creating batch table `sales_data_exporter_orders_index_batches`. Start position: 0","elapsed":"00:00:00 498 ms","pid":"1128","caller":"bin\/magento setup:upgrade"} [] []
[2025-06-03T06:34:34.858159+00:00] main.INFO: {"feed":"salesOrders","operation":"full reindex(legacy)","status":"Batch table `sales_data_exporter_orders_index_batches` created. Total Items: 2, batches: ~0","elapsed":"00:00:00 536 ms","pid":"1128","caller":"bin\/magento setup:upgrade"} [] []
[2025-06-03T06:34:34.858359+00:00] main.INFO: {"feed":"salesOrders","operation":"full reindex(legacy)","status":"start processing `2` items in `1` threads with `100` batch size","elapsed":"00:00:00 536 ms","pid":"1128","caller":"bin\/magento setup:upgrade"} [] []
[2025-06-03T06:34:34.877840+00:00] main.INFO: {"feed":"salesOrders","operation":"full reindex(legacy)","status":"Progress 1\/1, processed 2, synced 0","elapsed":"00:00:00 555 ms","pid":"1128","caller":"bin\/magento setup:upgrade"} [] []
[2025-06-03T06:34:34.879248+00:00] main.INFO: {"feed":"salesOrders","operation":"full reindex(legacy)","status":"Complete","elapsed":"00:00:00 557 ms","pid":"1128","caller":"bin\/magento setup:upgrade"} [] []
[2025-06-03T06:34:34.906576+00:00] main.INFO: {"feed":"salesOrderStatuses","operation":"full reindex(legacy)","status":"Initialize","elapsed":"00:00:00 714 ms","pid":"1128","caller":"bin\/magento setup:upgrade"} [] []
[2025-06-03T06:34:34.950700+00:00] main.INFO: {"feed":"salesOrderStatuses","operation":"full reindex(legacy)","status":"Creating batch table `sales_data_exporter_order_statuses_index_batches`. Start position: ","elapsed":"00:00:00 758 ms","pid":"1128","caller":"bin\/magento setup:upgrade"} [] []
[2025-06-03T06:34:34.990403+00:00] main.INFO: {"feed":"salesOrderStatuses","operation":"full reindex(legacy)","status":"Batch table `sales_data_exporter_order_statuses_index_batches` created. Total Items: 12, batches: ~0","elapsed":"00:00:00 797 ms","pid":"1128","caller":"bin\/magento setup:upgrade"} [] []
[2025-06-03T06:34:34.990574+00:00] main.INFO: {"feed":"salesOrderStatuses","operation":"full reindex(legacy)","status":"start processing `12` items in `1` threads with `100` batch size","elapsed":"00:00:00 798 ms","pid":"1128","caller":"bin\/magento setup:upgrade"} [] []
[2025-06-03T06:34:34.995511+00:00] main.INFO: {"feed":"salesOrderStatuses","operation":"full reindex(legacy)","status":"Progress 1\/1, processed 12, synced 12","elapsed":"00:00:00 802 ms","pid":"1128","caller":"bin\/magento setup:upgrade"} [] []
[2025-06-03T06:34:34.996660+00:00] main.INFO: {"feed":"salesOrderStatuses","operation":"full reindex(legacy)","status":"Complete","elapsed":"00:00:00 804 ms","pid":"1128","caller":"bin\/magento setup:upgrade"} [] []
[2025-06-03T06:34:35.003541+00:00] main.INFO: {"feed":"stores","operation":"full reindex(legacy)","status":"Initialize","elapsed":"00:00:00 908 ms","pid":"1128","caller":"bin\/magento setup:upgrade"} [] []
[2025-06-03T06:34:35.050744+00:00] main.INFO: {"feed":"stores","operation":"full reindex(legacy)","status":"Creating batch table `stores_data_exporter_index_batches`. Start position: 0","elapsed":"00:00:01 955 ms","pid":"1128","caller":"bin\/magento setup:upgrade"} [] []
[2025-06-03T06:34:35.091508+00:00] main.INFO: {"feed":"stores","operation":"full reindex(legacy)","status":"Batch table `stores_data_exporter_index_batches` created. Total Items: 1, batches: ~0","elapsed":"00:00:01 996 ms","pid":"1128","caller":"bin\/magento setup:upgrade"} [] []
[2025-06-03T06:34:35.091697+00:00] main.INFO: {"feed":"stores","operation":"full reindex(legacy)","status":"start processing `1` items in `1` threads with `100` batch size","elapsed":"00:00:01 996 ms","pid":"1128","caller":"bin\/magento setup:upgrade"} [] []
[2025-06-03T06:34:35.096830+00:00] main.INFO: {"feed":"stores","operation":"full reindex(legacy)","status":"Progress 1\/1, processed 1, synced 1","elapsed":"00:00:01 1 ms","pid":"1128","caller":"bin\/magento setup:upgrade"} [] []
[2025-06-03T06:34:35.098164+00:00] main.INFO: {"feed":"stores","operation":"full reindex(legacy)","status":"Complete","elapsed":"00:00:01 2 ms","pid":"1128","caller":"bin\/magento setup:upgrade"} [] []
[2025-06-03T06:36:29.323132+00:00] main.INFO: {"feed":"salesOrders","operation":"full reindex(legacy)","status":"Initialize","elapsed":"547 ms","pid":"1136","caller":"bin\/magento indexer:reindex"} [] []
[2025-06-03T06:36:29.390442+00:00] main.INFO: {"feed":"salesOrders","operation":"full reindex(legacy)","status":"Creating batch table `sales_data_exporter_orders_index_batches`. Start position: 0","elapsed":"614 ms","pid":"1136","caller":"bin\/magento indexer:reindex"} [] []
[2025-06-03T06:36:29.431238+00:00] main.INFO: {"feed":"salesOrders","operation":"full reindex(legacy)","status":"Batch table `sales_data_exporter_orders_index_batches` created. Total Items: 2, batches: ~0","elapsed":"655 ms","pid":"1136","caller":"bin\/magento indexer:reindex"} [] []
[2025-06-03T06:36:29.431638+00:00] main.INFO: {"feed":"salesOrders","operation":"full reindex(legacy)","status":"start processing `2` items in `1` threads with `100` batch size","elapsed":"655 ms","pid":"1136","caller":"bin\/magento indexer:reindex"} [] []
[2025-06-03T06:36:29.458645+00:00] main.INFO: {"feed":"salesOrders","operation":"full reindex(legacy)","status":"Progress 1\/1, processed 2, synced 0","elapsed":"682 ms","pid":"1136","caller":"bin\/magento indexer:reindex"} [] []
[2025-06-03T06:36:29.461457+00:00] main.INFO: {"feed":"salesOrders","operation":"full reindex(legacy)","status":"Complete","elapsed":"685 ms","pid":"1136","caller":"bin\/magento indexer:reindex"} [] []
[2025-06-03T06:36:29.486006+00:00] main.INFO: {"feed":"salesOrderStatuses","operation":"full reindex(legacy)","status":"Initialize","elapsed":"872 ms","pid":"1136","caller":"bin\/magento indexer:reindex"} [] []
[2025-06-03T06:36:29.555004+00:00] main.INFO: {"feed":"salesOrderStatuses","operation":"full reindex(legacy)","status":"Creating batch table `sales_data_exporter_order_statuses_index_batches`. Start position: ","elapsed":"941 ms","pid":"1136","caller":"bin\/magento indexer:reindex"} [] []
[2025-06-03T06:36:29.610766+00:00] main.INFO: {"feed":"salesOrderStatuses","operation":"full reindex(legacy)","status":"Batch table `sales_data_exporter_order_statuses_index_batches` created. Total Items: 12, batches: ~0","elapsed":"997 ms","pid":"1136","caller":"bin\/magento indexer:reindex"} [] []
[2025-06-03T06:36:29.611103+00:00] main.INFO: {"feed":"salesOrderStatuses","operation":"full reindex(legacy)","status":"start processing `12` items in `1` threads with `100` batch size","elapsed":"998 ms","pid":"1136","caller":"bin\/magento indexer:reindex"} [] []
[2025-06-03T06:36:29.624848+00:00] main.INFO: {"feed":"salesOrderStatuses","operation":"full reindex(legacy)","status":"Progress 1\/1, processed 12, synced 12","elapsed":"00:00:00 11 ms","pid":"1136","caller":"bin\/magento indexer:reindex"} [] []
[2025-06-03T06:36:29.628931+00:00] main.INFO: {"feed":"salesOrderStatuses","operation":"full reindex(legacy)","status":"Complete","elapsed":"00:00:00 15 ms","pid":"1136","caller":"bin\/magento indexer:reindex"} [] []
[2025-06-03T06:36:29.653634+00:00] main.INFO: {"feed":"stores","operation":"full reindex(legacy)","status":"Initialize","elapsed":"00:00:00 208 ms","pid":"1136","caller":"bin\/magento indexer:reindex"} [] []
[2025-06-03T06:36:29.716087+00:00] main.INFO: {"feed":"stores","operation":"full reindex(legacy)","status":"Creating batch table `stores_data_exporter_index_batches`. Start position: 0","elapsed":"00:00:00 270 ms","pid":"1136","caller":"bin\/magento indexer:reindex"} [] []
[2025-06-03T06:36:29.760004+00:00] main.INFO: {"feed":"stores","operation":"full reindex(legacy)","status":"Batch table `stores_data_exporter_index_batches` created. Total Items: 1, batches: ~0","elapsed":"00:00:00 314 ms","pid":"1136","caller":"bin\/magento indexer:reindex"} [] []
[2025-06-03T06:36:29.760259+00:00] main.INFO: {"feed":"stores","operation":"full reindex(legacy)","status":"start processing `1` items in `1` threads with `100` batch size","elapsed":"00:00:00 314 ms","pid":"1136","caller":"bin\/magento indexer:reindex"} [] []
[2025-06-03T06:36:29.768006+00:00] main.INFO: {"feed":"stores","operation":"full reindex(legacy)","status":"Progress 1\/1, processed 1, synced 1","elapsed":"00:00:00 322 ms","pid":"1136","caller":"bin\/magento indexer:reindex"} [] []
[2025-06-03T06:36:29.770537+00:00] main.INFO: {"feed":"stores","operation":"full reindex(legacy)","status":"Complete","elapsed":"00:00:00 325 ms","pid":"1136","caller":"bin\/magento indexer:reindex"} [] []
[2025-06-03T06:39:03.855169+00:00] main.INFO: {"feed":"salesOrders","operation":"full reindex(legacy)","status":"Initialize","elapsed":"00:00:00 611 ms","pid":"1152","caller":"bin\/magento setup:upgrade"} [] []
[2025-06-03T06:39:03.904445+00:00] main.INFO: {"feed":"salesOrders","operation":"full reindex(legacy)","status":"Creating batch table `sales_data_exporter_orders_index_batches`. Start position: 0","elapsed":"00:00:00 660 ms","pid":"1152","caller":"bin\/magento setup:upgrade"} [] []
[2025-06-03T06:39:03.942180+00:00] main.INFO: {"feed":"salesOrders","operation":"full reindex(legacy)","status":"Batch table `sales_data_exporter_orders_index_batches` created. Total Items: 2, batches: ~0","elapsed":"00:00:00 698 ms","pid":"1152","caller":"bin\/magento setup:upgrade"} [] []
[2025-06-03T06:39:03.942326+00:00] main.INFO: {"feed":"salesOrders","operation":"full reindex(legacy)","status":"start processing `2` items in `1` threads with `100` batch size","elapsed":"00:00:00 698 ms","pid":"1152","caller":"bin\/magento setup:upgrade"} [] []
[2025-06-03T06:39:03.956290+00:00] main.INFO: {"feed":"salesOrders","operation":"full reindex(legacy)","status":"Progress 1\/1, processed 2, synced 0","elapsed":"00:00:00 712 ms","pid":"1152","caller":"bin\/magento setup:upgrade"} [] []
[2025-06-03T06:39:03.958603+00:00] main.INFO: {"feed":"salesOrders","operation":"full reindex(legacy)","status":"Complete","elapsed":"00:00:00 714 ms","pid":"1152","caller":"bin\/magento setup:upgrade"} [] []
[2025-06-03T06:39:03.972813+00:00] main.INFO: {"feed":"salesOrderStatuses","operation":"full reindex(legacy)","status":"Initialize","elapsed":"00:00:00 846 ms","pid":"1152","caller":"bin\/magento setup:upgrade"} [] []
[2025-06-03T06:39:04.017005+00:00] main.INFO: {"feed":"salesOrderStatuses","operation":"full reindex(legacy)","status":"Creating batch table `sales_data_exporter_order_statuses_index_batches`. Start position: ","elapsed":"00:00:00 890 ms","pid":"1152","caller":"bin\/magento setup:upgrade"} [] []
[2025-06-03T06:39:04.052949+00:00] main.INFO: {"feed":"salesOrderStatuses","operation":"full reindex(legacy)","status":"Batch table `sales_data_exporter_order_statuses_index_batches` created. Total Items: 12, batches: ~0","elapsed":"00:00:01 926 ms","pid":"1152","caller":"bin\/magento setup:upgrade"} [] []
[2025-06-03T06:39:04.053099+00:00] main.INFO: {"feed":"salesOrderStatuses","operation":"full reindex(legacy)","status":"start processing `12` items in `1` threads with `100` batch size","elapsed":"00:00:01 926 ms","pid":"1152","caller":"bin\/magento setup:upgrade"} [] []
[2025-06-03T06:39:04.059298+00:00] main.INFO: {"feed":"salesOrderStatuses","operation":"full reindex(legacy)","status":"Progress 1\/1, processed 12, synced 12","elapsed":"00:00:01 933 ms","pid":"1152","caller":"bin\/magento setup:upgrade"} [] []
[2025-06-03T06:39:04.061532+00:00] main.INFO: {"feed":"salesOrderStatuses","operation":"full reindex(legacy)","status":"Complete","elapsed":"00:00:01 935 ms","pid":"1152","caller":"bin\/magento setup:upgrade"} [] []
[2025-06-03T06:39:04.074977+00:00] main.INFO: {"feed":"stores","operation":"full reindex(legacy)","status":"Initialize","elapsed":"50 ms","pid":"1152","caller":"bin\/magento setup:upgrade"} [] []
[2025-06-03T06:39:04.116244+00:00] main.INFO: {"feed":"stores","operation":"full reindex(legacy)","status":"Creating batch table `stores_data_exporter_index_batches`. Start position: 0","elapsed":"92 ms","pid":"1152","caller":"bin\/magento setup:upgrade"} [] []
[2025-06-03T06:39:04.151056+00:00] main.INFO: {"feed":"stores","operation":"full reindex(legacy)","status":"Batch table `stores_data_exporter_index_batches` created. Total Items: 1, batches: ~0","elapsed":"127 ms","pid":"1152","caller":"bin\/magento setup:upgrade"} [] []
[2025-06-03T06:39:04.151219+00:00] main.INFO: {"feed":"stores","operation":"full reindex(legacy)","status":"start processing `1` items in `1` threads with `100` batch size","elapsed":"127 ms","pid":"1152","caller":"bin\/magento setup:upgrade"} [] []
[2025-06-03T06:39:04.157639+00:00] main.INFO: {"feed":"stores","operation":"full reindex(legacy)","status":"Progress 1\/1, processed 1, synced 1","elapsed":"133 ms","pid":"1152","caller":"bin\/magento setup:upgrade"} [] []
[2025-06-03T06:39:04.159528+00:00] main.INFO: {"feed":"stores","operation":"full reindex(legacy)","status":"Complete","elapsed":"135 ms","pid":"1152","caller":"bin\/magento setup:upgrade"} [] []
