[2025-06-03T06:28:09.379149+00:00] main.INFO: Source table payment_services_order_status_data_production_submitted_hash does not exist. Skipping data migration... [] []
[2025-06-03T06:29:03.840987+00:00] main.ERROR: Braintree\Configuration::merchantId needs to be set (or accessToken needs to be passed to Braintree\Gateway). [] []
[2025-06-03T06:29:11.472342+00:00] main.ERROR: The "/var/www/html/var/tmp/alternative-source-css.lock" file can't be deleted.  [] []
[2025-06-03T06:29:11.472976+00:00] main.CRITICAL: The "/var/www/html/var/tmp/alternative-source-css.lock" file can't be deleted.  [] []
[2025-06-03T06:29:13.230504+00:00] main.ERROR: The "/var/www/html/var/tmp/alternative-source-css.lock" file can't be deleted.  [] []
[2025-06-03T06:29:13.231513+00:00] main.CRITICAL: The "/var/www/html/var/tmp/alternative-source-css.lock" file can't be deleted.  [] []
[2025-06-03T06:29:19.699802+00:00] main.ERROR: Braintree\Configuration::merchantId needs to be set (or accessToken needs to be passed to Braintree\Gateway). [] []
[2025-06-03T06:29:23.133496+00:00] main.ERROR: The "/var/www/html/var/tmp/alternative-source-css.lock" file can't be deleted.  [] []
[2025-06-03T06:29:23.134123+00:00] main.CRITICAL: The "/var/www/html/var/tmp/alternative-source-css.lock" file can't be deleted.  [] []
[2025-06-03T06:33:16.647451+00:00] main.ERROR: Sample Data error: Warning: file_get_contents(/var/www/html/pub/media/downloadable/files/links/l/u/luma_background_-_model_against_fence_4_sec_.mp4): Failed to open stream: No such file or directory in /var/www/html/vendor/magento/module-downloadable-sample-data/Model/Product/Converter.php on line 132 [] []
[2025-06-03T06:34:28.208011+00:00] main.WARNING: Memory size allocated for the temporary table is more than 20% of innodb_buffer_pool_size. Please update innodb_buffer_pool_size or decrease batch size value (which decreases memory usages for the temporary table). Current batch size: 100000; Allocated memory size: 50000000 bytes; InnoDB buffer pool size: 134217728 bytes. [] []
[2025-06-03T06:34:28.263824+00:00] main.WARNING: Memory size allocated for the temporary table is more than 20% of innodb_buffer_pool_size. Please update innodb_buffer_pool_size or decrease batch size value (which decreases memory usages for the temporary table). Current batch size: 100000; Allocated memory size: 50000000 bytes; InnoDB buffer pool size: 134217728 bytes. [] []
[2025-06-03T06:34:28.545957+00:00] main.WARNING: Memory size allocated for the temporary table is more than 20% of innodb_buffer_pool_size. Please update innodb_buffer_pool_size or decrease batch size value (which decreases memory usages for the temporary table). Current batch size: 100000; Allocated memory size: 50000000 bytes; InnoDB buffer pool size: 134217728 bytes. [] []
[2025-06-03T06:34:28.789737+00:00] main.WARNING: Memory size allocated for the temporary table is more than 20% of innodb_buffer_pool_size. Please update innodb_buffer_pool_size or decrease batch size value (which decreases memory usages for the temporary table). Current batch size: 100000; Allocated memory size: 50000000 bytes; InnoDB buffer pool size: 134217728 bytes. [] []
[2025-06-03T06:34:28.853354+00:00] main.WARNING: Memory size allocated for the temporary table is more than 20% of innodb_buffer_pool_size. Please update innodb_buffer_pool_size or decrease batch size value (which decreases memory usages for the temporary table). Current batch size: 100000; Allocated memory size: 50000000 bytes; InnoDB buffer pool size: 134217728 bytes. [] []
[2025-06-03T06:34:29.131180+00:00] main.WARNING: Memory size allocated for the temporary table is more than 20% of innodb_buffer_pool_size. Please update innodb_buffer_pool_size or decrease batch size value (which decreases memory usages for the temporary table). Current batch size: 100000; Allocated memory size: 50000000 bytes; InnoDB buffer pool size: 134217728 bytes. [] []
[2025-06-03T06:34:30.928666+00:00] main.WARNING: Memory size allocated for the temporary table is more than 20% of innodb_buffer_pool_size. Please update innodb_buffer_pool_size or decrease batch size value (which decreases memory usages for the temporary table). Current batch size: 3334; Allocated memory size: 40008000 bytes; InnoDB buffer pool size: 134217728 bytes. [] []
[2025-06-03T06:36:21.947418+00:00] main.WARNING: Memory size allocated for the temporary table is more than 20% of innodb_buffer_pool_size. Please update innodb_buffer_pool_size or decrease batch size value (which decreases memory usages for the temporary table). Current batch size: 100000; Allocated memory size: 50000000 bytes; InnoDB buffer pool size: 134217728 bytes. [] []
[2025-06-03T06:36:22.040355+00:00] main.WARNING: Memory size allocated for the temporary table is more than 20% of innodb_buffer_pool_size. Please update innodb_buffer_pool_size or decrease batch size value (which decreases memory usages for the temporary table). Current batch size: 100000; Allocated memory size: 50000000 bytes; InnoDB buffer pool size: 134217728 bytes. [] []
[2025-06-03T06:36:22.560386+00:00] main.WARNING: Memory size allocated for the temporary table is more than 20% of innodb_buffer_pool_size. Please update innodb_buffer_pool_size or decrease batch size value (which decreases memory usages for the temporary table). Current batch size: 100000; Allocated memory size: 50000000 bytes; InnoDB buffer pool size: 134217728 bytes. [] []
[2025-06-03T06:36:25.253903+00:00] main.WARNING: Memory size allocated for the temporary table is more than 20% of innodb_buffer_pool_size. Please update innodb_buffer_pool_size or decrease batch size value (which decreases memory usages for the temporary table). Current batch size: 3334; Allocated memory size: 40008000 bytes; InnoDB buffer pool size: 134217728 bytes. [] []
[2025-06-03T06:38:58.002791+00:00] main.WARNING: Memory size allocated for the temporary table is more than 20% of innodb_buffer_pool_size. Please update innodb_buffer_pool_size or decrease batch size value (which decreases memory usages for the temporary table). Current batch size: 100000; Allocated memory size: 50000000 bytes; InnoDB buffer pool size: 134217728 bytes. [] []
[2025-06-03T06:38:58.059803+00:00] main.WARNING: Memory size allocated for the temporary table is more than 20% of innodb_buffer_pool_size. Please update innodb_buffer_pool_size or decrease batch size value (which decreases memory usages for the temporary table). Current batch size: 100000; Allocated memory size: 50000000 bytes; InnoDB buffer pool size: 134217728 bytes. [] []
[2025-06-03T06:38:58.350681+00:00] main.WARNING: Memory size allocated for the temporary table is more than 20% of innodb_buffer_pool_size. Please update innodb_buffer_pool_size or decrease batch size value (which decreases memory usages for the temporary table). Current batch size: 100000; Allocated memory size: 50000000 bytes; InnoDB buffer pool size: 134217728 bytes. [] []
[2025-06-03T06:38:58.656535+00:00] main.WARNING: Memory size allocated for the temporary table is more than 20% of innodb_buffer_pool_size. Please update innodb_buffer_pool_size or decrease batch size value (which decreases memory usages for the temporary table). Current batch size: 100000; Allocated memory size: 50000000 bytes; InnoDB buffer pool size: 134217728 bytes. [] []
[2025-06-03T06:38:58.714555+00:00] main.WARNING: Memory size allocated for the temporary table is more than 20% of innodb_buffer_pool_size. Please update innodb_buffer_pool_size or decrease batch size value (which decreases memory usages for the temporary table). Current batch size: 100000; Allocated memory size: 50000000 bytes; InnoDB buffer pool size: 134217728 bytes. [] []
[2025-06-03T06:38:59.007778+00:00] main.WARNING: Memory size allocated for the temporary table is more than 20% of innodb_buffer_pool_size. Please update innodb_buffer_pool_size or decrease batch size value (which decreases memory usages for the temporary table). Current batch size: 100000; Allocated memory size: 50000000 bytes; InnoDB buffer pool size: 134217728 bytes. [] []
[2025-06-03T06:39:01.329851+00:00] main.WARNING: Memory size allocated for the temporary table is more than 20% of innodb_buffer_pool_size. Please update innodb_buffer_pool_size or decrease batch size value (which decreases memory usages for the temporary table). Current batch size: 3334; Allocated memory size: 40008000 bytes; InnoDB buffer pool size: 134217728 bytes. [] []
[2025-06-03T06:40:53.977713+00:00] main.ERROR: Braintree\Configuration::merchantId needs to be set (or accessToken needs to be passed to Braintree\Gateway). [] []
[2025-06-03T06:40:54.924406+00:00] main.ERROR: Braintree\Configuration::merchantId needs to be set (or accessToken needs to be passed to Braintree\Gateway). [] []
[2025-06-03T06:55:20.378222+00:00] main.ERROR: Braintree\Configuration::merchantId needs to be set (or accessToken needs to be passed to Braintree\Gateway). [] []
[2025-06-03T06:55:21.881173+00:00] main.ERROR: The "/var/www/html/var/tmp/alternative-source-css.lock" file can't be deleted.  [] []
[2025-06-03T06:55:21.881498+00:00] main.CRITICAL: The "/var/www/html/var/tmp/alternative-source-css.lock" file can't be deleted.  [] []
[2025-06-03T06:55:25.587362+00:00] main.ERROR: The "/var/www/html/var/tmp/alternative-source-css.lock" file can't be deleted.  [] []
[2025-06-03T06:55:25.587889+00:00] main.CRITICAL: The "/var/www/html/var/tmp/alternative-source-css.lock" file can't be deleted.  [] []
[2025-06-03T06:56:59.280948+00:00] main.ERROR: Braintree\Configuration::merchantId needs to be set (or accessToken needs to be passed to Braintree\Gateway). [] []
[2025-06-03T07:00:30.863703+00:00] main.ERROR: Braintree\Configuration::merchantId needs to be set (or accessToken needs to be passed to Braintree\Gateway). [] []
[2025-06-03T07:00:57.520167+00:00] main.ERROR: Braintree\Configuration::merchantId needs to be set (or accessToken needs to be passed to Braintree\Gateway). [] []
[2025-06-03T07:02:43.998444+00:00] main.ERROR: Braintree\Configuration::merchantId needs to be set (or accessToken needs to be passed to Braintree\Gateway). [] []
[2025-06-03T07:02:52.766664+00:00] main.ERROR: Braintree\Configuration::merchantId needs to be set (or accessToken needs to be passed to Braintree\Gateway). [] []
[2025-06-03T07:02:54.657948+00:00] main.ERROR: Braintree\Configuration::merchantId needs to be set (or accessToken needs to be passed to Braintree\Gateway). [] []
[2025-06-03T07:02:56.545164+00:00] main.ERROR: Braintree\Configuration::merchantId needs to be set (or accessToken needs to be passed to Braintree\Gateway). [] []
[2025-06-03T07:03:19.754616+00:00] main.ERROR: Braintree\Configuration::merchantId needs to be set (or accessToken needs to be passed to Braintree\Gateway). [] []
[2025-06-03T07:03:34.685882+00:00] main.ERROR: Braintree\Configuration::merchantId needs to be set (or accessToken needs to be passed to Braintree\Gateway). [] []
[2025-06-03T07:03:37.257224+00:00] main.ERROR: Braintree\Configuration::merchantId needs to be set (or accessToken needs to be passed to Braintree\Gateway). [] []
[2025-06-03T07:04:03.944079+00:00] main.ERROR: Unable to resolve the source file for 'frontend/Valerii/theme/en_US/underscore-umd.js.map' [] []
[2025-06-03T07:04:03.944465+00:00] main.CRITICAL: Unable to resolve the source file for 'frontend/Valerii/theme/en_US/underscore-umd.js.map' [] []
[2025-06-03T07:04:21.124568+00:00] main.ERROR: Unable to resolve the source file for 'frontend/Valerii/theme/en_US/underscore-umd.js.map' [] []
[2025-06-03T07:04:21.159388+00:00] main.CRITICAL: Unable to resolve the source file for 'frontend/Valerii/theme/en_US/underscore-umd.js.map' [] []
[2025-06-03T07:04:51.962329+00:00] main.ERROR: Unable to resolve the source file for 'frontend/Valerii/theme/en_US/underscore-umd.js.map' [] []
[2025-06-03T07:04:51.963425+00:00] main.CRITICAL: Unable to resolve the source file for 'frontend/Valerii/theme/en_US/underscore-umd.js.map' [] []
[2025-06-03T07:07:36.083930+00:00] main.ERROR: Unable to resolve the source file for 'frontend/Valerii/theme/en_US/underscore-umd.js.map' [] []
[2025-06-03T07:07:36.084637+00:00] main.CRITICAL: Unable to resolve the source file for 'frontend/Valerii/theme/en_US/underscore-umd.js.map' [] []
[2025-06-03T07:15:55.979664+00:00] main.ERROR: Braintree\Configuration::merchantId needs to be set (or accessToken needs to be passed to Braintree\Gateway). [] []
[2025-06-03T07:15:56.775917+00:00] main.ERROR: Unable to resolve the source file for 'frontend/Valerii/theme/en_US/underscore-umd.js.map' [] []
[2025-06-03T07:15:56.776432+00:00] main.CRITICAL: Unable to resolve the source file for 'frontend/Valerii/theme/en_US/underscore-umd.js.map' [] []
[2025-06-03T07:16:01.761109+00:00] main.ERROR: Braintree\Configuration::merchantId needs to be set (or accessToken needs to be passed to Braintree\Gateway). [] []
[2025-06-03T07:16:04.067735+00:00] main.ERROR: Unable to resolve the source file for 'frontend/Valerii/theme/en_US/underscore-umd.js.map' [] []
[2025-06-03T07:16:04.068313+00:00] main.CRITICAL: Unable to resolve the source file for 'frontend/Valerii/theme/en_US/underscore-umd.js.map' [] []
[2025-06-03T07:16:08.368540+00:00] main.ERROR: Braintree\Configuration::merchantId needs to be set (or accessToken needs to be passed to Braintree\Gateway). [] []
[2025-06-03T07:16:09.793412+00:00] main.ERROR: Unable to resolve the source file for 'frontend/Valerii/theme/en_US/underscore-umd.js.map' [] []
[2025-06-03T07:16:09.794347+00:00] main.CRITICAL: Unable to resolve the source file for 'frontend/Valerii/theme/en_US/underscore-umd.js.map' [] []
[2025-06-03T07:16:13.323084+00:00] main.ERROR: Braintree\Configuration::merchantId needs to be set (or accessToken needs to be passed to Braintree\Gateway). [] []
[2025-06-03T07:16:14.470772+00:00] main.ERROR: Unable to resolve the source file for 'frontend/Valerii/theme/en_US/underscore-umd.js.map' [] []
[2025-06-03T07:16:14.471409+00:00] main.CRITICAL: Unable to resolve the source file for 'frontend/Valerii/theme/en_US/underscore-umd.js.map' [] []
[2025-06-03T07:16:38.735112+00:00] main.ERROR: Unable to resolve the source file for 'frontend/Valerii/theme/en_US/underscore-umd.js.map' [] []
[2025-06-03T07:16:38.736054+00:00] main.CRITICAL: Unable to resolve the source file for 'frontend/Valerii/theme/en_US/underscore-umd.js.map' [] []
[2025-06-03T07:45:58.409955+00:00] main.ERROR: Unable to resolve the source file for 'frontend/Valerii/theme/en_US/underscore-umd.js.map' [] []
[2025-06-03T07:45:58.410458+00:00] main.CRITICAL: Unable to resolve the source file for 'frontend/Valerii/theme/en_US/underscore-umd.js.map' [] []
[2025-06-03T07:47:45.072446+00:00] main.ERROR: Unable to resolve the source file for 'frontend/Valerii/theme/en_US/underscore-umd.js.map' [] []
[2025-06-03T07:47:45.073042+00:00] main.CRITICAL: Unable to resolve the source file for 'frontend/Valerii/theme/en_US/underscore-umd.js.map' [] []
[2025-06-03T07:48:03.958189+00:00] main.ERROR: Braintree\Configuration::merchantId needs to be set (or accessToken needs to be passed to Braintree\Gateway). [] []
[2025-06-03T07:48:05.361937+00:00] main.ERROR: Unable to resolve the source file for 'frontend/Valerii/theme/en_US/underscore-umd.js.map' [] []
[2025-06-03T07:48:05.362719+00:00] main.CRITICAL: Unable to resolve the source file for 'frontend/Valerii/theme/en_US/underscore-umd.js.map' [] []
[2025-06-03T07:48:11.511847+00:00] main.ERROR: Unable to resolve the source file for 'frontend/Valerii/theme/en_US/underscore-umd.js.map' [] []
[2025-06-03T07:48:11.512725+00:00] main.CRITICAL: Unable to resolve the source file for 'frontend/Valerii/theme/en_US/underscore-umd.js.map' [] []
[2025-06-03T07:51:41.990957+00:00] main.ERROR: Unable to resolve the source file for 'frontend/Valerii/theme/en_US/underscore-umd.js.map' [] []
[2025-06-03T07:51:41.991511+00:00] main.CRITICAL: Unable to resolve the source file for 'frontend/Valerii/theme/en_US/underscore-umd.js.map' [] []
[2025-06-03T07:53:29.595746+00:00] main.ERROR: The "/var/www/html/var/tmp/alternative-source-css.lock" file can't be deleted.  [] []
[2025-06-03T07:53:29.596101+00:00] main.CRITICAL: The "/var/www/html/var/tmp/alternative-source-css.lock" file can't be deleted.  [] []
[2025-06-03T07:53:31.530293+00:00] main.ERROR: Unable to resolve the source file for 'frontend/Valerii/theme/en_US/underscore-umd.js.map' [] []
[2025-06-03T07:53:31.530905+00:00] main.CRITICAL: Unable to resolve the source file for 'frontend/Valerii/theme/en_US/underscore-umd.js.map' [] []
[2025-06-03T07:53:43.589499+00:00] main.ERROR: Unable to resolve the source file for 'frontend/Valerii/theme/en_US/Magento_Checkout/js/mixin/shipping-mixin.js' [] []
[2025-06-03T07:53:43.590278+00:00] main.CRITICAL: Unable to resolve the source file for 'frontend/Valerii/theme/en_US/Magento_Checkout/js/mixin/shipping-mixin.js' [] []
[2025-06-03T07:53:52.416153+00:00] main.ERROR: Unable to resolve the source file for 'frontend/Valerii/theme/en_US/underscore-umd.js.map' [] []
[2025-06-03T07:53:52.416502+00:00] main.CRITICAL: Unable to resolve the source file for 'frontend/Valerii/theme/en_US/underscore-umd.js.map' [] []
[2025-06-03T07:53:53.197022+00:00] main.ERROR: Unable to resolve the source file for 'frontend/Valerii/theme/en_US/Magento_Checkout/js/mixin/shipping-mixin.js' [] []
[2025-06-03T07:53:53.197663+00:00] main.CRITICAL: Unable to resolve the source file for 'frontend/Valerii/theme/en_US/Magento_Checkout/js/mixin/shipping-mixin.js' [] []
[2025-06-03T07:54:24.949203+00:00] main.ERROR: Unable to resolve the source file for 'frontend/Valerii/theme/en_US/underscore-umd.js.map' [] []
[2025-06-03T07:54:24.950004+00:00] main.CRITICAL: Unable to resolve the source file for 'frontend/Valerii/theme/en_US/underscore-umd.js.map' [] []
[2025-06-03T07:54:25.853413+00:00] main.ERROR: Unable to resolve the source file for 'frontend/Valerii/theme/en_US/Magento_Checkout/js/mixin/shipping-mixin.js' [] []
[2025-06-03T07:54:25.854077+00:00] main.CRITICAL: Unable to resolve the source file for 'frontend/Valerii/theme/en_US/Magento_Checkout/js/mixin/shipping-mixin.js' [] []
[2025-06-03T07:54:38.304513+00:00] main.ERROR: Unable to resolve the source file for 'frontend/Valerii/theme/en_US/underscore-umd.js.map' [] []
[2025-06-03T07:54:38.304933+00:00] main.CRITICAL: Unable to resolve the source file for 'frontend/Valerii/theme/en_US/underscore-umd.js.map' [] []
[2025-06-03T07:54:39.113812+00:00] main.ERROR: Unable to resolve the source file for 'frontend/Valerii/theme/en_US/Magento_Checkout/js/mixin/shipping-mixin.js' [] []
[2025-06-03T07:54:39.114390+00:00] main.CRITICAL: Unable to resolve the source file for 'frontend/Valerii/theme/en_US/Magento_Checkout/js/mixin/shipping-mixin.js' [] []
[2025-06-03T07:56:34.519837+00:00] main.ERROR: Unable to resolve the source file for 'frontend/Valerii/theme/en_US/underscore-umd.js.map' [] []
[2025-06-03T07:56:34.520413+00:00] main.CRITICAL: Unable to resolve the source file for 'frontend/Valerii/theme/en_US/underscore-umd.js.map' [] []
[2025-06-03T07:56:50.728134+00:00] main.ERROR: Unable to resolve the source file for 'frontend/Valerii/theme/en_US/underscore-umd.js.map' [] []
[2025-06-03T07:56:50.728913+00:00] main.CRITICAL: Unable to resolve the source file for 'frontend/Valerii/theme/en_US/underscore-umd.js.map' [] []
[2025-06-03T07:57:22.054107+00:00] main.ERROR: Unable to resolve the source file for 'frontend/Valerii/theme/en_US/underscore-umd.js.map' [] []
[2025-06-03T07:57:22.055330+00:00] main.CRITICAL: Unable to resolve the source file for 'frontend/Valerii/theme/en_US/underscore-umd.js.map' [] []
[2025-06-03T07:57:28.873424+00:00] main.ERROR: Unable to resolve the source file for 'frontend/Valerii/theme/en_US/underscore-umd.js.map' [] []
[2025-06-03T07:57:28.874007+00:00] main.CRITICAL: Unable to resolve the source file for 'frontend/Valerii/theme/en_US/underscore-umd.js.map' [] []
[2025-06-03T07:57:37.708335+00:00] main.ERROR: Unable to resolve the source file for 'frontend/Valerii/theme/en_US/underscore-umd.js.map' [] []
[2025-06-03T07:57:37.709023+00:00] main.CRITICAL: Unable to resolve the source file for 'frontend/Valerii/theme/en_US/underscore-umd.js.map' [] []
[2025-06-03T07:59:58.590668+00:00] main.ERROR: Unable to resolve the source file for 'frontend/Valerii/theme/en_US/underscore-umd.js.map' [] []
[2025-06-03T07:59:58.591385+00:00] main.CRITICAL: Unable to resolve the source file for 'frontend/Valerii/theme/en_US/underscore-umd.js.map' [] []
[2025-06-03T08:00:12.376057+00:00] main.ERROR: Unable to resolve the source file for 'frontend/Valerii/theme/en_US/underscore-umd.js.map' [] []
[2025-06-03T08:00:12.376870+00:00] main.CRITICAL: Unable to resolve the source file for 'frontend/Valerii/theme/en_US/underscore-umd.js.map' [] []
[2025-06-03T08:00:18.139060+00:00] main.ERROR: Braintree\Configuration::merchantId needs to be set (or accessToken needs to be passed to Braintree\Gateway). [] []
[2025-06-03T08:00:18.827907+00:00] main.ERROR: Unable to resolve the source file for 'frontend/Valerii/theme/en_US/underscore-umd.js.map' [] []
[2025-06-03T08:00:18.828514+00:00] main.CRITICAL: Unable to resolve the source file for 'frontend/Valerii/theme/en_US/underscore-umd.js.map' [] []
[2025-06-03T08:00:22.424405+00:00] main.ERROR: Braintree\Configuration::merchantId needs to be set (or accessToken needs to be passed to Braintree\Gateway). [] []
[2025-06-03T08:00:24.343291+00:00] main.ERROR: Unable to resolve the source file for 'frontend/Valerii/theme/en_US/underscore-umd.js.map' [] []
[2025-06-03T08:00:24.354317+00:00] main.CRITICAL: Unable to resolve the source file for 'frontend/Valerii/theme/en_US/underscore-umd.js.map' [] []
[2025-06-03T08:00:28.262931+00:00] main.ERROR: Braintree\Configuration::merchantId needs to be set (or accessToken needs to be passed to Braintree\Gateway). [] []
[2025-06-03T08:00:29.160053+00:00] main.ERROR: Unable to resolve the source file for 'frontend/Valerii/theme/en_US/underscore-umd.js.map' [] []
[2025-06-03T08:00:29.160654+00:00] main.CRITICAL: Unable to resolve the source file for 'frontend/Valerii/theme/en_US/underscore-umd.js.map' [] []
[2025-06-03T08:00:30.913390+00:00] main.ERROR: Braintree\Configuration::merchantId needs to be set (or accessToken needs to be passed to Braintree\Gateway). [] []
[2025-06-03T08:00:31.820552+00:00] main.ERROR: Unable to resolve the source file for 'frontend/Valerii/theme/en_US/underscore-umd.js.map' [] []
[2025-06-03T08:00:31.821220+00:00] main.CRITICAL: Unable to resolve the source file for 'frontend/Valerii/theme/en_US/underscore-umd.js.map' [] []
[2025-06-03T08:00:33.747324+00:00] main.ERROR: Braintree\Configuration::merchantId needs to be set (or accessToken needs to be passed to Braintree\Gateway). [] []
[2025-06-03T08:00:33.801885+00:00] main.ERROR: Braintree\Configuration::merchantId needs to be set (or accessToken needs to be passed to Braintree\Gateway). [] []
[2025-06-03T08:00:34.827941+00:00] main.ERROR: Unable to resolve the source file for 'frontend/Valerii/theme/en_US/underscore-umd.js.map' [] []
[2025-06-03T08:00:34.828281+00:00] main.CRITICAL: Unable to resolve the source file for 'frontend/Valerii/theme/en_US/underscore-umd.js.map' [] []
[2025-06-03T08:00:36.819134+00:00] main.ERROR: Unable to resolve the source file for 'frontend/Valerii/theme/en_US/vimeo/player.js.map' [] []
[2025-06-03T08:00:36.819757+00:00] main.CRITICAL: Unable to resolve the source file for 'frontend/Valerii/theme/en_US/vimeo/player.js.map' [] []
[2025-06-03T08:00:44.234952+00:00] main.ERROR: Unable to resolve the source file for 'frontend/Valerii/theme/en_US/underscore-umd.js.map' [] []
[2025-06-03T08:00:44.235579+00:00] main.CRITICAL: Unable to resolve the source file for 'frontend/Valerii/theme/en_US/underscore-umd.js.map' [] []
[2025-06-03T08:01:25.176861+00:00] main.ERROR: Unable to resolve the source file for 'frontend/Valerii/theme/en_US/underscore-umd.js.map' [] []
[2025-06-03T08:01:25.177522+00:00] main.CRITICAL: Unable to resolve the source file for 'frontend/Valerii/theme/en_US/underscore-umd.js.map' [] []
[2025-06-03T08:05:17.679048+00:00] main.ERROR: Unable to resolve the source file for 'frontend/Valerii/theme/en_US/underscore-umd.js.map' [] []
[2025-06-03T08:05:17.679565+00:00] main.CRITICAL: Unable to resolve the source file for 'frontend/Valerii/theme/en_US/underscore-umd.js.map' [] []
